<?xml version="1.0" encoding="UTF-8" ?>
<testsuite skipped="0" tests="82" failures="0" errors="0" name="org.ebayopensource.turmeric.services.monitoringservice.junit.TestGetMetricsData" time="9.453">
  <properties>
    <property value="IBM Corporation" name="java.vendor"/>
    <property value="C:\Documents and Settings\vsankaranarayana\.m2\repository" name="localRepository"/>
    <property value="SUN_STANDARD" name="sun.java.launcher"/>
    <property value="Windows Server 2003" name="os.name"/>
    <property value="C:\ted2\java6-ibm-sr4ifx3-2009-06-22-windows\jre\lib\vm.jar;C:\ted2\java6-ibm-sr4ifx3-2009-06-22-windows\jre\lib\annotation.jar;C:\ted2\java6-ibm-sr4ifx3-2009-06-22-windows\jre\lib\beans.jar;C:\ted2\java6-ibm-sr4ifx3-2009-06-22-windows\jre\lib\java.util.jar;C:\ted2\java6-ibm-sr4ifx3-2009-06-22-windows\jre\lib\jndi.jar;C:\ted2\java6-ibm-sr4ifx3-2009-06-22-windows\jre\lib\logging.jar;C:\ted2\java6-ibm-sr4ifx3-2009-06-22-windows\jre\lib\security.jar;C:\ted2\java6-ibm-sr4ifx3-2009-06-22-windows\jre\lib\sql.jar;C:\ted2\java6-ibm-sr4ifx3-2009-06-22-windows\jre\lib\ibmorb.jar;C:\ted2\java6-ibm-sr4ifx3-2009-06-22-windows\jre\lib\ibmorbapi.jar;C:\ted2\java6-ibm-sr4ifx3-2009-06-22-windows\jre\lib\ibmcfw.jar;C:\ted2\java6-ibm-sr4ifx3-2009-06-22-windows\jre\lib\rt.jar;C:\ted2\java6-ibm-sr4ifx3-2009-06-22-windows\jre\lib\charsets.jar;C:\ted2\java6-ibm-sr4ifx3-2009-06-22-windows\jre\lib\resources.jar;C:\ted2\java6-ibm-sr4ifx3-2009-06-22-windows\jre\lib\ibmpkcs.jar;C:\ted2\java6-ibm-sr4ifx3-2009-06-22-windows\jre\lib\ibmcertpathfw.jar;C:\ted2\java6-ibm-sr4ifx3-2009-06-22-windows\jre\lib\ibmjgssfw.jar;C:\ted2\java6-ibm-sr4ifx3-2009-06-22-windows\jre\lib\ibmjssefw.jar;C:\ted2\java6-ibm-sr4ifx3-2009-06-22-windows\jre\lib\ibmsaslfw.jar;C:\ted2\java6-ibm-sr4ifx3-2009-06-22-windows\jre\lib\ibmjcefw.jar;C:\ted2\java6-ibm-sr4ifx3-2009-06-22-windows\jre\lib\ibmjgssprovider.jar;C:\ted2\java6-ibm-sr4ifx3-2009-06-22-windows\jre\lib\ibmjsseprovider2.jar;C:\ted2\java6-ibm-sr4ifx3-2009-06-22-windows\jre\lib\ibmcertpathprovider.jar;C:\ted2\java6-ibm-sr4ifx3-2009-06-22-windows\jre\lib\ibmxmlcrypto.jar;C:\ted2\java6-ibm-sr4ifx3-2009-06-22-windows\jre\lib\management-agent.jar;C:\ted2\java6-ibm-sr4ifx3-2009-06-22-windows\jre\lib\xml.jar;C:\ted2\java6-ibm-sr4ifx3-2009-06-22-windows\jre\lib\jlm.jar;C:\ted2\java6-ibm-sr4ifx3-2009-06-22-windows\jre\lib\javascript.jar" name="sun.boot.class.path"/>
    <property value="" name="sun.java2d.fontpath"/>
    <property value="Sun Microsystems Inc." name="java.vm.specification.vendor"/>
    <property value="jvmwi3260sr4ifx-20090506_35012" name="java.runtime.version"/>
    <property value="vsankaranarayana" name="user.name"/>
    <property value="j9jit24" name="java.compiler"/>
    <property value="UTF8" name="os.encoding"/>
    <property value="" name="com.ibm.util.extralibs.properties"/>
    <property value="" name="com.ibm.jcl.checkClassPath"/>
    <property value="en" name="user.language"/>
    <property value="C:\ted2\java6-ibm-sr4ifx3-2009-06-22-windows\jre\bin" name="com.ibm.oti.vm.bootstrap.library.path"/>
    <property value="C:\ted2\java6-ibm-sr4ifx3-2009-06-22-windows\jre\bin" name="sun.boot.library.path"/>
    <property value="1.6.0" name="java.version"/>
    <property value="" name="user.timezone"/>
    <property value="32" name="sun.arch.data.model"/>
    <property value="1" name="com.ibm.zero.version"/>
    <property value="C:\ted2\java6-ibm-sr4ifx3-2009-06-22-windows\jre\lib\endorsed" name="java.endorsed.dirs"/>
    <property value="24" name="com.ibm.oti.vm.library.version"/>
    <property value="Cp1252" name="sun.jnu.encoding"/>
    <property value="14" name="jxe.current.romimage.version"/>
    <property value="\" name="file.separator"/>
    <property value="Java Platform API Specification" name="java.specification.name"/>
    <property value="50.0" name="java.class.version"/>
    <property value="US" name="user.country"/>
    <property value="C:\ted2\java6-ibm-sr4ifx3-2009-06-22-windows\jre" name="java.home"/>
    <property value="J2RE 1.6.0 IBM J9 2.4 Windows Server 2003 x86-32 jvmwi3260sr4ifx-20090506_35012 (JIT enabled, AOT enabled)
J9VM - 20090506_035012_lHdSMr
JIT  - r9_20090213_2028ifx2
GC   - 20090213_AA" name="java.vm.info"/>
    <property value="5.2 build 3790 Service Pack 2" name="os.version"/>
    <property value="C:\DOCUME~1\VSANKA~1\LOCALS~1\Temp\1\surefirebooter5661117322424710051.jar" name="surefire.real.class.path"/>
    <property value="" name="java.awt.fonts"/>
    <property value=";" name="path.separator"/>
    <property value="2.4" name="java.vm.version"/>
    <property value="java.util.prefs.WindowsPreferencesFactory" name="java.util.prefs.PreferencesFactory"/>
    <property value="" name="user.variant"/>
    <property value="Cp437" name="console.encoding"/>
    <property value="sun.awt.windows.WPrinterJob" name="java.awt.printerjob"/>
    <property value="UnicodeLittle" name="sun.io.unicode.encoding"/>
    <property value="sun.awt.windows.WToolkit" name="awt.toolkit"/>
    <property value="true" name="ibm.signalhandling.sigint"/>
    <property value="ON" name="java.assistive"/>
    <property value="C:\Documents and Settings\vsankaranarayana" name="user.home"/>
    <property value="little" name="com.ibm.cpu.endian"/>
    <property value="Sun Microsystems Inc." name="java.specification.vendor"/>
    <property value="true" name="ibm.signalhandling.sigchain"/>
    <property value="C:\ted2\java6-ibm-sr4ifx3-2009-06-22-windows\jre\bin;.;C:/ted2/java6-ibm-sr4ifx3-2009-06-22-windows/jre/bin/j9vm;C:/ted2/java6-ibm-sr4ifx3-2009-06-22-windows/jre/bin;C:\ted\eclipse/bin;C:\ted\maven-2.0.9/bin;c:\ebox\java5-ibm-2007-12-13/jre/bin;C:\Program Files (x86)\Common Files\NetSarang;C:\Program Files (x86)\ActiveState Komodo Edit 5\;C:\Program Files (x86)\CollabNet Subversion Client;c:\ruby\bin;C:\oracle\ora92\bin;C:\Program Files (x86)\Java\jre1.6.0_06\bin;C:\Program Files (x86)\Oracle\jre\1.1.8\bin;C:\Perl64\site\bin;C:\Perl64\bin;C:\Program Files (x86)\Windows Resource Kits\Tools\;C:\WINDOWS\system32;C:\WINDOWS;C:\WINDOWS\System32\Wbem;C:\Program Files (x86)\SecureCRT\;C:\Program Files (x86)\Rational\common;C:\Program Files (x86)\Rational\ClearCase\bin;C:\Program Files\System Center Operations Manager 2007\;C:\Program Files (x86)\Windows Imaging\;" name="java.library.path"/>
    <property value="http://www.ibm.com/" name="java.vendor.url"/>
    <property value="IBM Corporation" name="java.vm.vendor"/>
    <property value="J2RE 1.6.0 IBM J9 2.4 Windows Server 2003 x86-32 jvmwi3260sr4ifx-20090506_35012 (JIT enabled, AOT enabled)
J9VM - 20090506_035012_lHdSMr
JIT  - r9_20090213_2028ifx2
GC   - 20090213_AA" name="java.fullversion"/>
    <property value="Java(TM) SE Runtime Environment" name="java.runtime.name"/>
    <property value="C:\DOCUME~1\VSANKA~1\LOCALS~1\Temp\1\surefirebooter5661117322424710051.jar C:\DOCUME~1\VSANKA~1\LOCALS~1\Temp\1\surefire7234079013606195755tmp C:\DOCUME~1\VSANKA~1\LOCALS~1\Temp\1\surefire1026417310805145545tmp" name="sun.java.command"/>
    <property value="C:\Sankar\OS-Monitoring-Workspace\SOAMetricsQueryServiceTest\target\test-classes;C:\Sankar\OS-Monitoring-Workspace\SOAMetricsQueryServiceTest\target\classes;C:\Documents and Settings\vsankaranarayana\.m2\repository\commons-collections\commons-collections\3.2\commons-collections-3.2.jar;C:\Documents and Settings\vsankaranarayana\.m2\repository\commons-logging\commons-logging\1.1.1\commons-logging-1.1.1.jar;C:\Documents and Settings\vsankaranarayana\.m2\repository\ognl\ognl\2.7.3\ognl-2.7.3.jar;C:\Documents and Settings\vsankaranarayana\.m2\repository\jboss\javassist\3.7.ga\javassist-3.7.ga.jar;C:\Documents and Settings\vsankaranarayana\.m2\repository\commons-lang\commons-lang\2.3\commons-lang-2.3.jar;C:\Documents and Settings\vsankaranarayana\.m2\repository\org\hsqldb\hsqldb-j5\2.0.0\hsqldb-j5-2.0.0.jar;C:\Documents and Settings\vsankaranarayana\.m2\repository\org\ebayopensource\turmeric\impl\SOAMetricsQueryServiceImpl\0.9.0.2-Beta-SNAPSHOT\SOAMetricsQueryServiceImpl-0.9.0.2-Beta-SNAPSHOT.jar;C:\Documents and Settings\vsankaranarayana\.m2\repository\org\ebayopensource\turmeric\intf\SOAMetricsQueryService\0.9.0.2-Beta-SNAPSHOT\SOAMetricsQueryService-0.9.0.2-Beta-SNAPSHOT.jar;C:\Documents and Settings\vsankaranarayana\.m2\repository\org\ebayopensource\turmeric\runtime\soa-client\0.9.0-Beta-RC1\soa-client-0.9.0-Beta-RC1.jar;C:\Documents and Settings\vsankaranarayana\.m2\repository\org\ebayopensource\turmeric\runtime\binding-framework\0.9.0-Beta-RC1\binding-framework-0.9.0-Beta-RC1.jar;C:\Documents and Settings\vsankaranarayana\.m2\repository\com\sun\xml\bind\jaxb-impl\2.1.2\jaxb-impl-2.1.2.jar;C:\Documents and Settings\vsankaranarayana\.m2\repository\javax\xml\bind\jaxb-api\2.1\jaxb-api-2.1.jar;C:\Documents and Settings\vsankaranarayana\.m2\repository\javax\xml\stream\stax-api\1.0-2\stax-api-1.0-2.jar;C:\Documents and Settings\vsankaranarayana\.m2\repository\org\codehaus\woodstox\stax2-api\3.0.1\stax2-api-3.0.1.jar;C:\Documents and Settings\vsankaranarayana\.m2\repository\stax\stax-api\1.0.1\stax-api-1.0.1.jar;C:\Documents and Settings\vsankaranarayana\.m2\repository\org\codehaus\woodstox\woodstox-core-asl\4.0.5\woodstox-core-asl-4.0.5.jar;C:\Documents and Settings\vsankaranarayana\.m2\repository\com\sun\xml\fastinfoset\FastInfoset\1.2.1\FastInfoset-1.2.1.jar;C:\Documents and Settings\vsankaranarayana\.m2\repository\org\ebayopensource\redist\ahc\1.0-e6\ahc-1.0-e6.jar;C:\Documents and Settings\vsankaranarayana\.m2\repository\org\apache\mina\mina-core\1.1.5\mina-core-1.1.5.jar;C:\Documents and Settings\vsankaranarayana\.m2\repository\org\slf4j\slf4j-api\1.6.1\slf4j-api-1.6.1.jar;C:\Documents and Settings\vsankaranarayana\.m2\repository\org\apache\mina\mina-filter-ssl\1.1.5\mina-filter-ssl-1.1.5.jar;C:\Documents and Settings\vsankaranarayana\.m2\repository\com\ebay\kernel\uKernel\1.75.689.1\uKernel-1.75.689.1.jar;C:\Documents and Settings\vsankaranarayana\.m2\repository\com\ebay\kernel\uKernelCore\1.73\uKernelCore-1.73.jar;C:\Documents and Settings\vsankaranarayana\.m2\repository\com\ebay\utils\socket-interceptor\1.0.3\socket-interceptor-1.0.3.jar;C:\Documents and Settings\vsankaranarayana\.m2\repository\commons-codec\commons-codec\1.3\commons-codec-1.3.jar;C:\Documents and Settings\vsankaranarayana\.m2\repository\javax\servlet\servlet-api\2.4\servlet-api-2.4.jar;C:\Documents and Settings\vsankaranarayana\.m2\repository\javax\servlet\jsp-api\2.0\jsp-api-2.0.jar;C:\Documents and Settings\vsankaranarayana\.m2\repository\org\apache\geronimo\specs\geronimo-javamail_1.4_spec\1.2\geronimo-javamail_1.4_spec-1.2.jar;C:\Documents and Settings\vsankaranarayana\.m2\repository\org\apache\geronimo\specs\geronimo-activation_1.1_spec\1.0.1\geronimo-activation_1.1_spec-1.0.1.jar;C:\Documents and Settings\vsankaranarayana\.m2\repository\org\ebayopensource\turmeric\errorlib\runtime-error-library\0.9.0-Beta-RC1\runtime-error-library-0.9.0-Beta-RC1.jar;C:\Documents and Settings\vsankaranarayana\.m2\repository\org\ebayopensource\turmeric\typelib\common-type-library\0.9.0-Beta-RC1\common-type-library-0.9.0-Beta-RC1.jar;C:\Documents and Settings\vsankaranarayana\.m2\repository\org\apache\neethi\neethi\2.0.4\neethi-2.0.4.jar;C:\Documents and Settings\vsankaranarayana\.m2\repository\org\apache\ws\commons\axiom\axiom-api\1.2.9-wso2v1\axiom-api-1.2.9-wso2v1.jar;C:\Documents and Settings\vsankaranarayana\.m2\repository\jaxen\jaxen\1.1.1\jaxen-1.1.1.jar;C:\Documents and Settings\vsankaranarayana\.m2\repository\xml-apis\xml-apis\1.0.b2\xml-apis-1.0.b2.jar;C:\Documents and Settings\vsankaranarayana\.m2\repository\org\apache\geronimo\specs\geronimo-stax-api_1.0_spec\1.0.1\geronimo-stax-api_1.0_spec-1.0.1.jar;C:\Documents and Settings\vsankaranarayana\.m2\repository\org\apache\ws\commons\axiom\axiom-impl\1.2.9-wso2v1\axiom-impl-1.2.9-wso2v1.jar;C:\Documents and Settings\vsankaranarayana\.m2\repository\wsdl4j\wsdl4j\1.6.2\wsdl4j-1.6.2.jar;C:\Documents and Settings\vsankaranarayana\.m2\repository\org\apache\ws\commons\schema\XmlSchema\1.4.2\XmlSchema-1.4.2.jar;C:\Documents and Settings\vsankaranarayana\.m2\repository\org\apache\bcel\bcel\5.2\bcel-5.2.jar;C:\Documents and Settings\vsankaranarayana\.m2\repository\jakarta-regexp\jakarta-regexp\1.4\jakarta-regexp-1.4.jar;C:\Documents and Settings\vsankaranarayana\.m2\repository\xalan\xalan\2.7.0\xalan-2.7.0.jar;C:\Documents and Settings\vsankaranarayana\.m2\repository\backport-util-concurrent\backport-util-concurrent\3.1\backport-util-concurrent-3.1.jar;C:\Documents and Settings\vsankaranarayana\.m2\repository\org\slf4j\slf4j-simple\1.6.1\slf4j-simple-1.6.1.jar;C:\Documents and Settings\vsankaranarayana\.m2\repository\org\codehaus\woodstox\wstx-asl\3.2.9\wstx-asl-3.2.9.jar;C:\Documents and Settings\vsankaranarayana\.m2\repository\org\apache\ws\commons\axiom\axiom-dom\1.2.9-wso2v1\axiom-dom-1.2.9-wso2v1.jar;C:\Documents and Settings\vsankaranarayana\.m2\repository\org\apache\axis2\axis2-kernel\1.6-wso2v2\axis2-kernel-1.6-wso2v2.jar;C:\Documents and Settings\vsankaranarayana\.m2\repository\org\apache\geronimo\specs\geronimo-ws-metadata_2.0_spec\1.1.2\geronimo-ws-metadata_2.0_spec-1.1.2.jar;C:\Documents and Settings\vsankaranarayana\.m2\repository\org\apache\geronimo\specs\geronimo-jta_1.1_spec\1.1\geronimo-jta_1.1_spec-1.1.jar;C:\Documents and Settings\vsankaranarayana\.m2\repository\commons-httpclient\commons-httpclient\3.1\commons-httpclient-3.1.jar;C:\Documents and Settings\vsankaranarayana\.m2\repository\commons-fileupload\commons-fileupload\1.2\commons-fileupload-1.2.jar;C:\Documents and Settings\vsankaranarayana\.m2\repository\org\apache\woden\woden-api\1.0M8\woden-api-1.0M8.jar;C:\Documents and Settings\vsankaranarayana\.m2\repository\org\apache\ant\ant\1.7.0\ant-1.7.0.jar;C:\Documents and Settings\vsankaranarayana\.m2\repository\org\apache\ant\ant-launcher\1.7.0\ant-launcher-1.7.0.jar;C:\Documents and Settings\vsankaranarayana\.m2\repository\org\apache\woden\woden-impl-dom\1.0M8\woden-impl-dom-1.0M8.jar;C:\Documents and Settings\vsankaranarayana\.m2\repository\javax\ws\rs\jsr311-api\1.0\jsr311-api-1.0.jar;C:\Documents and Settings\vsankaranarayana\.m2\repository\javax\mail\mail\1.4\mail-1.4.jar;C:\Documents and Settings\vsankaranarayana\.m2\repository\javax\activation\activation\1.1\activation-1.1.jar;C:\Documents and Settings\vsankaranarayana\.m2\repository\commons-io\commons-io\1.4\commons-io-1.4.jar;C:\Documents and Settings\vsankaranarayana\.m2\repository\org\apache\axis2\axis2-transport-http\1.6-wso2v2\axis2-transport-http-1.6-wso2v2.jar;C:\Documents and Settings\vsankaranarayana\.m2\repository\org\apache\httpcomponents\httpcore\4.0\httpcore-4.0.jar;C:\Documents and Settings\vsankaranarayana\.m2\repository\com\sun\xml\bind\jaxb-xjc\2.1.2\jaxb-xjc-2.1.2.jar;C:\Documents and Settings\vsankaranarayana\.m2\repository\org\ebayopensource\turmeric\runtime\soa-server\0.9.0-Beta-RC1\soa-server-0.9.0-Beta-RC1.jar;C:\Documents and Settings\vsankaranarayana\.m2\repository\com\ebay\kernel\EbayServer\1.8\EbayServer-1.8.jar;C:\Documents and Settings\vsankaranarayana\.m2\repository\org\ebayopensource\turmeric\monitoring\monitoring-metrics-jpa\0.9.0.2-Beta-SNAPSHOT\monitoring-metrics-jpa-0.9.0.2-Beta-SNAPSHOT.jar;C:\Documents and Settings\vsankaranarayana\.m2\repository\org\ebayopensource\turmeric\utils\turmeric-utils-jpa\0.9.0-Beta\turmeric-utils-jpa-0.9.0-Beta.jar;C:\Documents and Settings\vsankaranarayana\.m2\repository\javax\persistence\persistence-api\1.0\persistence-api-1.0.jar;C:\Documents and Settings\vsankaranarayana\.m2\repository\org\hibernate\hibernate-entitymanager\3.4.0.GA\hibernate-entitymanager-3.4.0.GA.jar;C:\Documents and Settings\vsankaranarayana\.m2\repository\org\hibernate\ejb3-persistence\1.0.2.GA\ejb3-persistence-1.0.2.GA.jar;C:\Documents and Settings\vsankaranarayana\.m2\repository\org\hibernate\hibernate-commons-annotations\3.1.0.GA\hibernate-commons-annotations-3.1.0.GA.jar;C:\Documents and Settings\vsankaranarayana\.m2\repository\org\hibernate\hibernate-annotations\3.4.0.GA\hibernate-annotations-3.4.0.GA.jar;C:\Documents and Settings\vsankaranarayana\.m2\repository\org\hibernate\hibernate-core\3.3.0.SP1\hibernate-core-3.3.0.SP1.jar;C:\Documents and Settings\vsankaranarayana\.m2\repository\antlr\antlr\2.7.6\antlr-2.7.6.jar;C:\Documents and Settings\vsankaranarayana\.m2\repository\dom4j\dom4j\1.6.1\dom4j-1.6.1.jar;C:\Documents and Settings\vsankaranarayana\.m2\repository\javax\transaction\jta\1.1\jta-1.1.jar;C:\Documents and Settings\vsankaranarayana\.m2\repository\javassist\javassist\3.4.GA\javassist-3.4.GA.jar;C:\Documents and Settings\vsankaranarayana\.m2\repository\org\ebayopensource\turmeric\runtime\logging-handler-jpa\0.9.0-Beta-RC1\logging-handler-jpa-0.9.0-Beta-RC1.jar;C:\Documents and Settings\vsankaranarayana\.m2\repository\org\ebayopensource\turmeric\monitoring\SOAMetricsQueryServiceProviderInterface\0.9.0.2-Beta-SNAPSHOT\SOAMetricsQueryServiceProviderInterface-0.9.0.2-Beta-SNAPSHOT.jar;C:\Documents and Settings\vsankaranarayana\.m2\repository\org\ebayopensource\turmeric\monitoring\turmeric-monitoring-provider\0.9.0.2-Beta-SNAPSHOT\turmeric-monitoring-provider-0.9.0.2-Beta-SNAPSHOT.jar;C:\Documents and Settings\vsankaranarayana\.m2\repository\junit\junit\4.5\junit-4.5.jar;" name="java.class.path"/>
    <property value="Java Virtual Machine Specification" name="java.vm.specification.name"/>
    <property value="1.0" name="java.vm.specification.version"/>
    <property value="C:\Sankar\OS-Monitoring-Workspace\SOAMetricsQueryServiceTest\target\test-classes;C:\Sankar\OS-Monitoring-Workspace\SOAMetricsQueryServiceTest\target\classes;C:\Documents and Settings\vsankaranarayana\.m2\repository\commons-collections\commons-collections\3.2\commons-collections-3.2.jar;C:\Documents and Settings\vsankaranarayana\.m2\repository\commons-logging\commons-logging\1.1.1\commons-logging-1.1.1.jar;C:\Documents and Settings\vsankaranarayana\.m2\repository\ognl\ognl\2.7.3\ognl-2.7.3.jar;C:\Documents and Settings\vsankaranarayana\.m2\repository\jboss\javassist\3.7.ga\javassist-3.7.ga.jar;C:\Documents and Settings\vsankaranarayana\.m2\repository\commons-lang\commons-lang\2.3\commons-lang-2.3.jar;C:\Documents and Settings\vsankaranarayana\.m2\repository\org\hsqldb\hsqldb-j5\2.0.0\hsqldb-j5-2.0.0.jar;C:\Documents and Settings\vsankaranarayana\.m2\repository\org\ebayopensource\turmeric\impl\SOAMetricsQueryServiceImpl\0.9.0.2-Beta-SNAPSHOT\SOAMetricsQueryServiceImpl-0.9.0.2-Beta-SNAPSHOT.jar;C:\Documents and Settings\vsankaranarayana\.m2\repository\org\ebayopensource\turmeric\intf\SOAMetricsQueryService\0.9.0.2-Beta-SNAPSHOT\SOAMetricsQueryService-0.9.0.2-Beta-SNAPSHOT.jar;C:\Documents and Settings\vsankaranarayana\.m2\repository\org\ebayopensource\turmeric\runtime\soa-client\0.9.0-Beta-RC1\soa-client-0.9.0-Beta-RC1.jar;C:\Documents and Settings\vsankaranarayana\.m2\repository\org\ebayopensource\turmeric\runtime\binding-framework\0.9.0-Beta-RC1\binding-framework-0.9.0-Beta-RC1.jar;C:\Documents and Settings\vsankaranarayana\.m2\repository\com\sun\xml\bind\jaxb-impl\2.1.2\jaxb-impl-2.1.2.jar;C:\Documents and Settings\vsankaranarayana\.m2\repository\javax\xml\bind\jaxb-api\2.1\jaxb-api-2.1.jar;C:\Documents and Settings\vsankaranarayana\.m2\repository\javax\xml\stream\stax-api\1.0-2\stax-api-1.0-2.jar;C:\Documents and Settings\vsankaranarayana\.m2\repository\org\codehaus\woodstox\stax2-api\3.0.1\stax2-api-3.0.1.jar;C:\Documents and Settings\vsankaranarayana\.m2\repository\stax\stax-api\1.0.1\stax-api-1.0.1.jar;C:\Documents and Settings\vsankaranarayana\.m2\repository\org\codehaus\woodstox\woodstox-core-asl\4.0.5\woodstox-core-asl-4.0.5.jar;C:\Documents and Settings\vsankaranarayana\.m2\repository\com\sun\xml\fastinfoset\FastInfoset\1.2.1\FastInfoset-1.2.1.jar;C:\Documents and Settings\vsankaranarayana\.m2\repository\org\ebayopensource\redist\ahc\1.0-e6\ahc-1.0-e6.jar;C:\Documents and Settings\vsankaranarayana\.m2\repository\org\apache\mina\mina-core\1.1.5\mina-core-1.1.5.jar;C:\Documents and Settings\vsankaranarayana\.m2\repository\org\slf4j\slf4j-api\1.6.1\slf4j-api-1.6.1.jar;C:\Documents and Settings\vsankaranarayana\.m2\repository\org\apache\mina\mina-filter-ssl\1.1.5\mina-filter-ssl-1.1.5.jar;C:\Documents and Settings\vsankaranarayana\.m2\repository\com\ebay\kernel\uKernel\1.75.689.1\uKernel-1.75.689.1.jar;C:\Documents and Settings\vsankaranarayana\.m2\repository\com\ebay\kernel\uKernelCore\1.73\uKernelCore-1.73.jar;C:\Documents and Settings\vsankaranarayana\.m2\repository\com\ebay\utils\socket-interceptor\1.0.3\socket-interceptor-1.0.3.jar;C:\Documents and Settings\vsankaranarayana\.m2\repository\commons-codec\commons-codec\1.3\commons-codec-1.3.jar;C:\Documents and Settings\vsankaranarayana\.m2\repository\javax\servlet\servlet-api\2.4\servlet-api-2.4.jar;C:\Documents and Settings\vsankaranarayana\.m2\repository\javax\servlet\jsp-api\2.0\jsp-api-2.0.jar;C:\Documents and Settings\vsankaranarayana\.m2\repository\org\apache\geronimo\specs\geronimo-javamail_1.4_spec\1.2\geronimo-javamail_1.4_spec-1.2.jar;C:\Documents and Settings\vsankaranarayana\.m2\repository\org\apache\geronimo\specs\geronimo-activation_1.1_spec\1.0.1\geronimo-activation_1.1_spec-1.0.1.jar;C:\Documents and Settings\vsankaranarayana\.m2\repository\org\ebayopensource\turmeric\errorlib\runtime-error-library\0.9.0-Beta-RC1\runtime-error-library-0.9.0-Beta-RC1.jar;C:\Documents and Settings\vsankaranarayana\.m2\repository\org\ebayopensource\turmeric\typelib\common-type-library\0.9.0-Beta-RC1\common-type-library-0.9.0-Beta-RC1.jar;C:\Documents and Settings\vsankaranarayana\.m2\repository\org\apache\neethi\neethi\2.0.4\neethi-2.0.4.jar;C:\Documents and Settings\vsankaranarayana\.m2\repository\org\apache\ws\commons\axiom\axiom-api\1.2.9-wso2v1\axiom-api-1.2.9-wso2v1.jar;C:\Documents and Settings\vsankaranarayana\.m2\repository\jaxen\jaxen\1.1.1\jaxen-1.1.1.jar;C:\Documents and Settings\vsankaranarayana\.m2\repository\xml-apis\xml-apis\1.0.b2\xml-apis-1.0.b2.jar;C:\Documents and Settings\vsankaranarayana\.m2\repository\org\apache\geronimo\specs\geronimo-stax-api_1.0_spec\1.0.1\geronimo-stax-api_1.0_spec-1.0.1.jar;C:\Documents and Settings\vsankaranarayana\.m2\repository\org\apache\ws\commons\axiom\axiom-impl\1.2.9-wso2v1\axiom-impl-1.2.9-wso2v1.jar;C:\Documents and Settings\vsankaranarayana\.m2\repository\wsdl4j\wsdl4j\1.6.2\wsdl4j-1.6.2.jar;C:\Documents and Settings\vsankaranarayana\.m2\repository\org\apache\ws\commons\schema\XmlSchema\1.4.2\XmlSchema-1.4.2.jar;C:\Documents and Settings\vsankaranarayana\.m2\repository\org\apache\bcel\bcel\5.2\bcel-5.2.jar;C:\Documents and Settings\vsankaranarayana\.m2\repository\jakarta-regexp\jakarta-regexp\1.4\jakarta-regexp-1.4.jar;C:\Documents and Settings\vsankaranarayana\.m2\repository\xalan\xalan\2.7.0\xalan-2.7.0.jar;C:\Documents and Settings\vsankaranarayana\.m2\repository\backport-util-concurrent\backport-util-concurrent\3.1\backport-util-concurrent-3.1.jar;C:\Documents and Settings\vsankaranarayana\.m2\repository\org\slf4j\slf4j-simple\1.6.1\slf4j-simple-1.6.1.jar;C:\Documents and Settings\vsankaranarayana\.m2\repository\org\codehaus\woodstox\wstx-asl\3.2.9\wstx-asl-3.2.9.jar;C:\Documents and Settings\vsankaranarayana\.m2\repository\org\apache\ws\commons\axiom\axiom-dom\1.2.9-wso2v1\axiom-dom-1.2.9-wso2v1.jar;C:\Documents and Settings\vsankaranarayana\.m2\repository\org\apache\axis2\axis2-kernel\1.6-wso2v2\axis2-kernel-1.6-wso2v2.jar;C:\Documents and Settings\vsankaranarayana\.m2\repository\org\apache\geronimo\specs\geronimo-ws-metadata_2.0_spec\1.1.2\geronimo-ws-metadata_2.0_spec-1.1.2.jar;C:\Documents and Settings\vsankaranarayana\.m2\repository\org\apache\geronimo\specs\geronimo-jta_1.1_spec\1.1\geronimo-jta_1.1_spec-1.1.jar;C:\Documents and Settings\vsankaranarayana\.m2\repository\commons-httpclient\commons-httpclient\3.1\commons-httpclient-3.1.jar;C:\Documents and Settings\vsankaranarayana\.m2\repository\commons-fileupload\commons-fileupload\1.2\commons-fileupload-1.2.jar;C:\Documents and Settings\vsankaranarayana\.m2\repository\org\apache\woden\woden-api\1.0M8\woden-api-1.0M8.jar;C:\Documents and Settings\vsankaranarayana\.m2\repository\org\apache\ant\ant\1.7.0\ant-1.7.0.jar;C:\Documents and Settings\vsankaranarayana\.m2\repository\org\apache\ant\ant-launcher\1.7.0\ant-launcher-1.7.0.jar;C:\Documents and Settings\vsankaranarayana\.m2\repository\org\apache\woden\woden-impl-dom\1.0M8\woden-impl-dom-1.0M8.jar;C:\Documents and Settings\vsankaranarayana\.m2\repository\javax\ws\rs\jsr311-api\1.0\jsr311-api-1.0.jar;C:\Documents and Settings\vsankaranarayana\.m2\repository\javax\mail\mail\1.4\mail-1.4.jar;C:\Documents and Settings\vsankaranarayana\.m2\repository\javax\activation\activation\1.1\activation-1.1.jar;C:\Documents and Settings\vsankaranarayana\.m2\repository\commons-io\commons-io\1.4\commons-io-1.4.jar;C:\Documents and Settings\vsankaranarayana\.m2\repository\org\apache\axis2\axis2-transport-http\1.6-wso2v2\axis2-transport-http-1.6-wso2v2.jar;C:\Documents and Settings\vsankaranarayana\.m2\repository\org\apache\httpcomponents\httpcore\4.0\httpcore-4.0.jar;C:\Documents and Settings\vsankaranarayana\.m2\repository\com\sun\xml\bind\jaxb-xjc\2.1.2\jaxb-xjc-2.1.2.jar;C:\Documents and Settings\vsankaranarayana\.m2\repository\org\ebayopensource\turmeric\runtime\soa-server\0.9.0-Beta-RC1\soa-server-0.9.0-Beta-RC1.jar;C:\Documents and Settings\vsankaranarayana\.m2\repository\com\ebay\kernel\EbayServer\1.8\EbayServer-1.8.jar;C:\Documents and Settings\vsankaranarayana\.m2\repository\org\ebayopensource\turmeric\monitoring\monitoring-metrics-jpa\0.9.0.2-Beta-SNAPSHOT\monitoring-metrics-jpa-0.9.0.2-Beta-SNAPSHOT.jar;C:\Documents and Settings\vsankaranarayana\.m2\repository\org\ebayopensource\turmeric\utils\turmeric-utils-jpa\0.9.0-Beta\turmeric-utils-jpa-0.9.0-Beta.jar;C:\Documents and Settings\vsankaranarayana\.m2\repository\javax\persistence\persistence-api\1.0\persistence-api-1.0.jar;C:\Documents and Settings\vsankaranarayana\.m2\repository\org\hibernate\hibernate-entitymanager\3.4.0.GA\hibernate-entitymanager-3.4.0.GA.jar;C:\Documents and Settings\vsankaranarayana\.m2\repository\org\hibernate\ejb3-persistence\1.0.2.GA\ejb3-persistence-1.0.2.GA.jar;C:\Documents and Settings\vsankaranarayana\.m2\repository\org\hibernate\hibernate-commons-annotations\3.1.0.GA\hibernate-commons-annotations-3.1.0.GA.jar;C:\Documents and Settings\vsankaranarayana\.m2\repository\org\hibernate\hibernate-annotations\3.4.0.GA\hibernate-annotations-3.4.0.GA.jar;C:\Documents and Settings\vsankaranarayana\.m2\repository\org\hibernate\hibernate-core\3.3.0.SP1\hibernate-core-3.3.0.SP1.jar;C:\Documents and Settings\vsankaranarayana\.m2\repository\antlr\antlr\2.7.6\antlr-2.7.6.jar;C:\Documents and Settings\vsankaranarayana\.m2\repository\dom4j\dom4j\1.6.1\dom4j-1.6.1.jar;C:\Documents and Settings\vsankaranarayana\.m2\repository\javax\transaction\jta\1.1\jta-1.1.jar;C:\Documents and Settings\vsankaranarayana\.m2\repository\javassist\javassist\3.4.GA\javassist-3.4.GA.jar;C:\Documents and Settings\vsankaranarayana\.m2\repository\org\ebayopensource\turmeric\runtime\logging-handler-jpa\0.9.0-Beta-RC1\logging-handler-jpa-0.9.0-Beta-RC1.jar;C:\Documents and Settings\vsankaranarayana\.m2\repository\org\ebayopensource\turmeric\monitoring\SOAMetricsQueryServiceProviderInterface\0.9.0.2-Beta-SNAPSHOT\SOAMetricsQueryServiceProviderInterface-0.9.0.2-Beta-SNAPSHOT.jar;C:\Documents and Settings\vsankaranarayana\.m2\repository\org\ebayopensource\turmeric\monitoring\turmeric-monitoring-provider\0.9.0.2-Beta-SNAPSHOT\turmeric-monitoring-provider-0.9.0.2-Beta-SNAPSHOT.jar;C:\Documents and Settings\vsankaranarayana\.m2\repository\junit\junit\4.5\junit-4.5.jar;" name="surefire.test.class.path"/>
    <property value="C:\DOCUME~1\VSANKA~1\LOCALS~1\Temp\1\" name="java.io.tmpdir"/>
    <property value="20090218_01" name="java.jcl.version"/>
    <property value="Cp1252" name="ibm.system.encoding"/>
    <property value="x86" name="os.arch"/>
    <property value="sun.awt.Win32GraphicsEnvironment" name="java.awt.graphicsenv"/>
    <property value="false" name="ibm.signalhandling.rs"/>
    <property value="C:\ted2\java6-ibm-sr4ifx3-2009-06-22-windows\jre\lib\ext" name="java.ext.dirs"/>
    <property value="C:\Sankar\OS-Monitoring-Workspace\SOAMetricsQueryServiceTest" name="user.dir"/>
    <property value="
" name="line.separator"/>
    <property value="IBM J9 VM" name="java.vm.name"/>
    <property value="false" name="com.ibm.oti.shared.enabled"/>
    <property value="32" name="com.ibm.vm.bitmode"/>
    <property value="C:\Sankar\OS-Monitoring-Workspace\SOAMetricsQueryServiceTest" name="basedir"/>
    <property value="14" name="jxe.lowest.romimage.version"/>
    <property value="Cp1252" name="file.encoding"/>
    <property value="20090121_0923" name="com.ibm.oti.jcl.build"/>
    <property value="1.6" name="java.specification.version"/>
    <property value="scar" name="com.ibm.oti.configuration"/>
  </properties>
  <testcase classname="org.ebayopensource.turmeric.services.monitoringservice.junit.TestGetMetricsData" name="testrequest1" time="1.829"/>
  <testcase classname="org.ebayopensource.turmeric.services.monitoringservice.junit.TestGetMetricsData" name="testrequest10" time="0.11"/>
  <testcase classname="org.ebayopensource.turmeric.services.monitoringservice.junit.TestGetMetricsData" name="testrequest11" time="0.093"/>
  <testcase classname="org.ebayopensource.turmeric.services.monitoringservice.junit.TestGetMetricsData" name="testrequest12" time="0.094"/>
  <testcase classname="org.ebayopensource.turmeric.services.monitoringservice.junit.TestGetMetricsData" name="testrequest13" time="0.093"/>
  <testcase classname="org.ebayopensource.turmeric.services.monitoringservice.junit.TestGetMetricsData" name="testrequest14" time="0.094"/>
  <testcase classname="org.ebayopensource.turmeric.services.monitoringservice.junit.TestGetMetricsData" name="testrequest15" time="0.094"/>
  <testcase classname="org.ebayopensource.turmeric.services.monitoringservice.junit.TestGetMetricsData" name="testrequest16" time="0.093"/>
  <testcase classname="org.ebayopensource.turmeric.services.monitoringservice.junit.TestGetMetricsData" name="testrequest17" time="0.094"/>
  <testcase classname="org.ebayopensource.turmeric.services.monitoringservice.junit.TestGetMetricsData" name="testrequest18" time="0.078"/>
  <testcase classname="org.ebayopensource.turmeric.services.monitoringservice.junit.TestGetMetricsData" name="testrequest19" time="0.078"/>
  <testcase classname="org.ebayopensource.turmeric.services.monitoringservice.junit.TestGetMetricsData" name="testrequest2" time="0.094"/>
  <testcase classname="org.ebayopensource.turmeric.services.monitoringservice.junit.TestGetMetricsData" name="testrequest20" time="0.094"/>
  <testcase classname="org.ebayopensource.turmeric.services.monitoringservice.junit.TestGetMetricsData" name="testrequest21" time="0.078"/>
  <testcase classname="org.ebayopensource.turmeric.services.monitoringservice.junit.TestGetMetricsData" name="testrequest22" time="0.203"/>
  <testcase classname="org.ebayopensource.turmeric.services.monitoringservice.junit.TestGetMetricsData" name="testrequest23" time="0.266"/>
  <testcase classname="org.ebayopensource.turmeric.services.monitoringservice.junit.TestGetMetricsData" name="testrequest24" time="0.109"/>
  <testcase classname="org.ebayopensource.turmeric.services.monitoringservice.junit.TestGetMetricsData" name="testrequest25" time="0.063"/>
  <testcase classname="org.ebayopensource.turmeric.services.monitoringservice.junit.TestGetMetricsData" name="testrequest26" time="0.109"/>
  <testcase classname="org.ebayopensource.turmeric.services.monitoringservice.junit.TestGetMetricsData" name="testrequest27" time="0.078"/>
  <testcase classname="org.ebayopensource.turmeric.services.monitoringservice.junit.TestGetMetricsData" name="testrequest28" time="0.094"/>
  <testcase classname="org.ebayopensource.turmeric.services.monitoringservice.junit.TestGetMetricsData" name="testrequest29" time="0.062"/>
  <testcase classname="org.ebayopensource.turmeric.services.monitoringservice.junit.TestGetMetricsData" name="testrequest3" time="0.078"/>
  <testcase classname="org.ebayopensource.turmeric.services.monitoringservice.junit.TestGetMetricsData" name="testrequest30" time="0.094"/>
  <testcase classname="org.ebayopensource.turmeric.services.monitoringservice.junit.TestGetMetricsData" name="testrequest31" time="0.078"/>
  <testcase classname="org.ebayopensource.turmeric.services.monitoringservice.junit.TestGetMetricsData" name="testrequest32" time="0.078"/>
  <testcase classname="org.ebayopensource.turmeric.services.monitoringservice.junit.TestGetMetricsData" name="testrequest33" time="0.094"/>
  <testcase classname="org.ebayopensource.turmeric.services.monitoringservice.junit.TestGetMetricsData" name="testrequest34" time="0.094"/>
  <testcase classname="org.ebayopensource.turmeric.services.monitoringservice.junit.TestGetMetricsData" name="testrequest35" time="0.078"/>
  <testcase classname="org.ebayopensource.turmeric.services.monitoringservice.junit.TestGetMetricsData" name="testrequest36" time="0.078"/>
  <testcase classname="org.ebayopensource.turmeric.services.monitoringservice.junit.TestGetMetricsData" name="testrequest37" time="0.078"/>
  <testcase classname="org.ebayopensource.turmeric.services.monitoringservice.junit.TestGetMetricsData" name="testrequest38" time="0.062"/>
  <testcase classname="org.ebayopensource.turmeric.services.monitoringservice.junit.TestGetMetricsData" name="testrequest39" time="0.094"/>
  <testcase classname="org.ebayopensource.turmeric.services.monitoringservice.junit.TestGetMetricsData" name="testrequest4" time="0.094"/>
  <testcase classname="org.ebayopensource.turmeric.services.monitoringservice.junit.TestGetMetricsData" name="testrequest40" time="0.094"/>
  <testcase classname="org.ebayopensource.turmeric.services.monitoringservice.junit.TestGetMetricsData" name="testrequest41" time="0.093"/>
  <testcase classname="org.ebayopensource.turmeric.services.monitoringservice.junit.TestGetMetricsData" name="testrequest42" time="0.125"/>
  <testcase classname="org.ebayopensource.turmeric.services.monitoringservice.junit.TestGetMetricsData" name="testrequest43" time="0.11"/>
  <testcase classname="org.ebayopensource.turmeric.services.monitoringservice.junit.TestGetMetricsData" name="testrequest44" time="0.109"/>
  <testcase classname="org.ebayopensource.turmeric.services.monitoringservice.junit.TestGetMetricsData" name="testrequest45" time="0.109"/>
  <testcase classname="org.ebayopensource.turmeric.services.monitoringservice.junit.TestGetMetricsData" name="testrequest46" time="0.141"/>
  <testcase classname="org.ebayopensource.turmeric.services.monitoringservice.junit.TestGetMetricsData" name="testrequest47" time="0.172"/>
  <testcase classname="org.ebayopensource.turmeric.services.monitoringservice.junit.TestGetMetricsData" name="testrequest48" time="0.109"/>
  <testcase classname="org.ebayopensource.turmeric.services.monitoringservice.junit.TestGetMetricsData" name="testrequest49" time="0.11"/>
  <testcase classname="org.ebayopensource.turmeric.services.monitoringservice.junit.TestGetMetricsData" name="testrequest5" time="0.063"/>
  <testcase classname="org.ebayopensource.turmeric.services.monitoringservice.junit.TestGetMetricsData" name="testrequest50" time="0.078"/>
  <testcase classname="org.ebayopensource.turmeric.services.monitoringservice.junit.TestGetMetricsData" name="testrequest51" time="0.078"/>
  <testcase classname="org.ebayopensource.turmeric.services.monitoringservice.junit.TestGetMetricsData" name="testrequest52" time="0.063"/>
  <testcase classname="org.ebayopensource.turmeric.services.monitoringservice.junit.TestGetMetricsData" name="testrequest53" time="0.078"/>
  <testcase classname="org.ebayopensource.turmeric.services.monitoringservice.junit.TestGetMetricsData" name="testrequest54" time="0.078"/>
  <testcase classname="org.ebayopensource.turmeric.services.monitoringservice.junit.TestGetMetricsData" name="testrequest55" time="0.062"/>
  <testcase classname="org.ebayopensource.turmeric.services.monitoringservice.junit.TestGetMetricsData" name="testrequest56" time="0.078"/>
  <testcase classname="org.ebayopensource.turmeric.services.monitoringservice.junit.TestGetMetricsData" name="testrequest57" time="0.079"/>
  <testcase classname="org.ebayopensource.turmeric.services.monitoringservice.junit.TestGetMetricsData" name="testrequest58" time="0.062"/>
  <testcase classname="org.ebayopensource.turmeric.services.monitoringservice.junit.TestGetMetricsData" name="testrequest59" time="0.109"/>
  <testcase classname="org.ebayopensource.turmeric.services.monitoringservice.junit.TestGetMetricsData" name="testrequest6" time="0.079"/>
  <testcase classname="org.ebayopensource.turmeric.services.monitoringservice.junit.TestGetMetricsData" name="testrequest60" time="0.062"/>
  <testcase classname="org.ebayopensource.turmeric.services.monitoringservice.junit.TestGetMetricsData" name="testrequest61" time="0.078"/>
  <testcase classname="org.ebayopensource.turmeric.services.monitoringservice.junit.TestGetMetricsData" name="testrequest62" time="0.078"/>
  <testcase classname="org.ebayopensource.turmeric.services.monitoringservice.junit.TestGetMetricsData" name="testrequest63" time="0.094"/>
  <testcase classname="org.ebayopensource.turmeric.services.monitoringservice.junit.TestGetMetricsData" name="testrequest64" time="0.094"/>
  <testcase classname="org.ebayopensource.turmeric.services.monitoringservice.junit.TestGetMetricsData" name="testrequest65" time="0.109"/>
  <testcase classname="org.ebayopensource.turmeric.services.monitoringservice.junit.TestGetMetricsData" name="testrequest66" time="0.094"/>
  <testcase classname="org.ebayopensource.turmeric.services.monitoringservice.junit.TestGetMetricsData" name="testrequest67" time="0.078"/>
  <testcase classname="org.ebayopensource.turmeric.services.monitoringservice.junit.TestGetMetricsData" name="testrequest68" time="0.094"/>
  <testcase classname="org.ebayopensource.turmeric.services.monitoringservice.junit.TestGetMetricsData" name="testrequest69" time="0.078"/>
  <testcase classname="org.ebayopensource.turmeric.services.monitoringservice.junit.TestGetMetricsData" name="testrequest7" time="0.094"/>
  <testcase classname="org.ebayopensource.turmeric.services.monitoringservice.junit.TestGetMetricsData" name="testrequest70" time="0.093"/>
  <testcase classname="org.ebayopensource.turmeric.services.monitoringservice.junit.TestGetMetricsData" name="testrequest71" time="0.079"/>
  <testcase classname="org.ebayopensource.turmeric.services.monitoringservice.junit.TestGetMetricsData" name="testrequest72" time="0.078"/>
  <testcase classname="org.ebayopensource.turmeric.services.monitoringservice.junit.TestGetMetricsData" name="testrequest73" time="0.109"/>
  <testcase classname="org.ebayopensource.turmeric.services.monitoringservice.junit.TestGetMetricsData" name="testrequest74" time="0.078"/>
  <testcase classname="org.ebayopensource.turmeric.services.monitoringservice.junit.TestGetMetricsData" name="testrequest75" time="0.063"/>
  <testcase classname="org.ebayopensource.turmeric.services.monitoringservice.junit.TestGetMetricsData" name="testrequest76" time="0.078"/>
  <testcase classname="org.ebayopensource.turmeric.services.monitoringservice.junit.TestGetMetricsData" name="testrequest77" time="0.062"/>
  <testcase classname="org.ebayopensource.turmeric.services.monitoringservice.junit.TestGetMetricsData" name="testrequest78" time="0.078"/>
  <testcase classname="org.ebayopensource.turmeric.services.monitoringservice.junit.TestGetMetricsData" name="testrequest79" time="0.079"/>
  <testcase classname="org.ebayopensource.turmeric.services.monitoringservice.junit.TestGetMetricsData" name="testrequest8" time="0.078"/>
  <testcase classname="org.ebayopensource.turmeric.services.monitoringservice.junit.TestGetMetricsData" name="testrequest80" time="0.062"/>
  <testcase classname="org.ebayopensource.turmeric.services.monitoringservice.junit.TestGetMetricsData" name="testrequest81" time="0.078"/>
  <testcase classname="org.ebayopensource.turmeric.services.monitoringservice.junit.TestGetMetricsData" name="testrequest82" time="0.11"/>
  <testcase classname="org.ebayopensource.turmeric.services.monitoringservice.junit.TestGetMetricsData" name="testrequest9" time="0.125"/>
</testsuite>